<?xml version="1.0" encoding="utf-8" standalone="no"?>
<!--This file represents the results of running a test suite-->
<test-results name="C:\Users\Administrator\Documents\Visual Studio 2015\Projects\Assignment4QA\Assignment4.TestQA\bin\Debug\Assignment4.TestQA.dll" total="9" errors="0" failures="0" not-run="0" inconclusive="0" ignored="0" skipped="0" invalid="0" date="2017-04-20" time="15:31:32">
  <environment nunit-version="2.6.4.14350" clr-version="2.0.50727.5485" os-version="Microsoft Windows NT 6.1.7601 Service Pack 1" platform="Win32NT" cwd="C:\Program Files (x86)\NUnit 2.6.4\bin" machine-name="2A409-D05" user="rrajatkumar7465" user-domain="CONESTOGAC" />
  <culture-info current-culture="en-US" current-uiculture="en-US" />
  <test-suite type="Assembly" name="C:\Users\Administrator\Documents\Visual Studio 2015\Projects\Assignment4QA\Assignment4.TestQA\bin\Debug\Assignment4.TestQA.dll" executed="True" result="Success" success="True" time="0.061" asserts="0">
    <results>
      <test-suite type="Namespace" name="Assignment4" executed="True" result="Success" success="True" time="0.054" asserts="0">
        <results>
          <test-suite type="Namespace" name="TestQA" executed="True" result="Success" success="True" time="0.054" asserts="0">
            <results>
              <test-suite type="TestFixture" name="UnitTest1" executed="True" result="Success" success="True" time="0.053" asserts="0">
                <results>
                  <test-case name="Assignment4.TestQA.UnitTest1.checkScalene1" executed="True" result="Success" success="True" time="0.034" asserts="1" />
                  <test-case name="Assignment4.TestQA.UnitTest1.checkScalene2" executed="True" result="Success" success="True" time="0.000" asserts="1" />
                  <test-case name="Assignment4.TestQA.UnitTest1.equilateralAllSidesEqual1" executed="True" result="Success" success="True" time="0.000" asserts="1" />
                  <test-case name="Assignment4.TestQA.UnitTest1.equilateralAllSidesEqual2" executed="True" result="Success" success="True" time="0.000" asserts="1" />
                  <test-case name="Assignment4.TestQA.UnitTest1.inavlidgreaterthen_A" executed="True" result="Success" success="True" time="0.000" asserts="1" />
                  <test-case name="Assignment4.TestQA.UnitTest1.invalidAisZero" executed="True" result="Success" success="True" time="0.000" asserts="1" />
                  <test-case name="Assignment4.TestQA.UnitTest1.invalidCisGreater" executed="True" result="Success" success="True" time="0.000" asserts="1" />
                  <test-case name="Assignment4.TestQA.UnitTest1.invalidLessThenZero" executed="True" result="Success" success="True" time="0.000" asserts="1" />
                  <test-case name="Assignment4.TestQA.UnitTest1.IsoscelesABSameCNotEqual" executed="True" result="Success" success="True" time="0.000" asserts="1" />
                </results>
              </test-suite>
            </results>
          </test-suite>
        </results>
      </test-suite>
    </results>
  </test-suite>
</test-results>